# Logfile created on 2014-01-04 09:17:04 +0300 by logger.rb/31641
I, [2014-01-04T09:17:04.882370 #4273]  INFO -- : 0:  rake (10.0.3) from /home/surpass/.rvm/gems/ruby-1.9.3-p484/specifications/rake-10.0.3.gemspec
I, [2014-01-04T09:17:04.883205 #4273]  INFO -- : 0:  i18n (0.6.1) from /home/surpass/.rvm/gems/ruby-1.9.3-p484/specifications/i18n-0.6.1.gemspec
I, [2014-01-04T09:17:04.883839 #4273]  INFO -- : 0:  multi_json (1.5.0) from /home/surpass/.rvm/gems/ruby-1.9.3-p484/specifications/multi_json-1.5.0.gemspec
I, [2014-01-04T09:17:04.884459 #4273]  INFO -- : 0:  activesupport (3.2.11) from /home/surpass/.rvm/gems/ruby-1.9.3-p484/specifications/activesupport-3.2.11.gemspec
I, [2014-01-04T09:17:04.885043 #4273]  INFO -- : 0:  builder (3.0.4) from /home/surpass/.rvm/gems/ruby-1.9.3-p484/specifications/builder-3.0.4.gemspec
I, [2014-01-04T09:17:04.885641 #4273]  INFO -- : 0:  activemodel (3.2.11) from /home/surpass/.rvm/gems/ruby-1.9.3-p484/specifications/activemodel-3.2.11.gemspec
I, [2014-01-04T09:17:04.886183 #4273]  INFO -- : 0:  erubis (2.7.0) from /home/surpass/.rvm/gems/ruby-1.9.3-p484/specifications/erubis-2.7.0.gemspec
I, [2014-01-04T09:17:04.886752 #4273]  INFO -- : 0:  journey (1.0.4) from /home/surpass/.rvm/gems/ruby-1.9.3-p484/specifications/journey-1.0.4.gemspec
I, [2014-01-04T09:17:04.887314 #4273]  INFO -- : 0:  rack (1.4.3) from /home/surpass/.rvm/gems/ruby-1.9.3-p484/specifications/rack-1.4.3.gemspec
I, [2014-01-04T09:17:04.887854 #4273]  INFO -- : 0:  rack-cache (1.2) from /home/surpass/.rvm/gems/ruby-1.9.3-p484/specifications/rack-cache-1.2.gemspec
I, [2014-01-04T09:17:04.888397 #4273]  INFO -- : 0:  rack-test (0.6.2) from /home/surpass/.rvm/gems/ruby-1.9.3-p484/specifications/rack-test-0.6.2.gemspec
I, [2014-01-04T09:17:04.888937 #4273]  INFO -- : 0:  hike (1.2.1) from /home/surpass/.rvm/gems/ruby-1.9.3-p484/specifications/hike-1.2.1.gemspec
I, [2014-01-04T09:17:04.889515 #4273]  INFO -- : 0:  tilt (1.3.3) from /home/surpass/.rvm/gems/ruby-1.9.3-p484/specifications/tilt-1.3.3.gemspec
I, [2014-01-04T09:17:04.890145 #4273]  INFO -- : 0:  sprockets (2.2.2) from /home/surpass/.rvm/gems/ruby-1.9.3-p484/specifications/sprockets-2.2.2.gemspec
I, [2014-01-04T09:17:04.890826 #4273]  INFO -- : 0:  actionpack (3.2.11) from /home/surpass/.rvm/gems/ruby-1.9.3-p484/specifications/actionpack-3.2.11.gemspec
I, [2014-01-04T09:17:04.891438 #4273]  INFO -- : 0:  mime-types (1.19) from /home/surpass/.rvm/gems/ruby-1.9.3-p484/specifications/mime-types-1.19.gemspec
I, [2014-01-04T09:17:04.891986 #4273]  INFO -- : 0:  polyglot (0.3.3) from /home/surpass/.rvm/gems/ruby-1.9.3-p484/specifications/polyglot-0.3.3.gemspec
I, [2014-01-04T09:17:04.892541 #4273]  INFO -- : 0:  treetop (1.4.12) from /home/surpass/.rvm/gems/ruby-1.9.3-p484/specifications/treetop-1.4.12.gemspec
I, [2014-01-04T09:17:04.893092 #4273]  INFO -- : 0:  mail (2.4.4) from /home/surpass/.rvm/gems/ruby-1.9.3-p484/specifications/mail-2.4.4.gemspec
I, [2014-01-04T09:17:04.893672 #4273]  INFO -- : 0:  actionmailer (3.2.11) from /home/surpass/.rvm/gems/ruby-1.9.3-p484/specifications/actionmailer-3.2.11.gemspec
I, [2014-01-04T09:17:04.894220 #4273]  INFO -- : 0:  arel (3.0.2) from /home/surpass/.rvm/gems/ruby-1.9.3-p484/specifications/arel-3.0.2.gemspec
I, [2014-01-04T09:17:04.894818 #4273]  INFO -- : 0:  tzinfo (0.3.35) from /home/surpass/.rvm/gems/ruby-1.9.3-p484/specifications/tzinfo-0.3.35.gemspec
I, [2014-01-04T09:17:04.895431 #4273]  INFO -- : 0:  activerecord (3.2.11) from /home/surpass/.rvm/gems/ruby-1.9.3-p484/specifications/activerecord-3.2.11.gemspec
I, [2014-01-04T09:17:04.896001 #4273]  INFO -- : 0:  activeresource (3.2.11) from /home/surpass/.rvm/gems/ruby-1.9.3-p484/specifications/activeresource-3.2.11.gemspec
I, [2014-01-04T09:17:04.896540 #4273]  INFO -- : 0:  bcrypt-ruby (3.0.1) from /home/surpass/.rvm/gems/ruby-1.9.3-p484/specifications/bcrypt-ruby-3.0.1.gemspec
I, [2014-01-04T09:17:10.316682 #4273]  INFO -- : 0:  cancan (1.6.7) from /home/surpass/.rvm/gems/ruby-1.9.3-p484/specifications/cancan-1.6.7.gemspec
I, [2014-01-04T09:17:18.755059 #4273]  INFO -- : 0:  coffee-script-source (1.3.1) from /home/surpass/.rvm/gems/ruby-1.9.3-p484/specifications/coffee-script-source-1.3.1.gemspec
I, [2014-01-04T09:17:28.495211 #4273]  INFO -- : 0:  execjs (1.3.0) from /home/surpass/.rvm/gems/ruby-1.9.3-p484/specifications/execjs-1.3.0.gemspec
I, [2014-01-04T09:17:28.496028 #4273]  INFO -- : 0:  coffee-script (2.2.0) from /home/surpass/.rvm/gems/ruby-1.9.3-p484/specifications/coffee-script-2.2.0.gemspec
I, [2014-01-04T09:17:28.496601 #4273]  INFO -- : 0:  rack-ssl (1.3.2) from /home/surpass/.rvm/gems/ruby-1.9.3-p484/specifications/rack-ssl-1.3.2.gemspec
I, [2014-01-04T09:17:28.497177 #4273]  INFO -- : 0:  json (1.7.6) from /home/surpass/.rvm/gems/ruby-1.9.3-p484/specifications/json-1.7.6.gemspec
I, [2014-01-04T09:17:28.497747 #4273]  INFO -- : 0:  rdoc (3.12) from /home/surpass/.rvm/gems/ruby-1.9.3-p484/specifications/rdoc-3.12.gemspec
I, [2014-01-04T09:17:28.498317 #4273]  INFO -- : 0:  thor (0.16.0) from /home/surpass/.rvm/gems/ruby-1.9.3-p484/specifications/thor-0.16.0.gemspec
I, [2014-01-04T09:17:28.498933 #4273]  INFO -- : 0:  railties (3.2.11) from /home/surpass/.rvm/gems/ruby-1.9.3-p484/specifications/railties-3.2.11.gemspec
I, [2014-01-04T09:17:28.499489 #4273]  INFO -- : 0:  coffee-rails (3.2.2) from /home/surpass/.rvm/gems/ruby-1.9.3-p484/specifications/coffee-rails-3.2.2.gemspec
I, [2014-01-04T09:17:28.500055 #4273]  INFO -- : 0:  orm_adapter (0.0.7) from /home/surpass/.rvm/gems/ruby-1.9.3-p484/specifications/orm_adapter-0.0.7.gemspec
I, [2014-01-04T09:17:37.305824 #4273]  INFO -- : 0:  warden (1.1.1) from /home/surpass/.rvm/gems/ruby-1.9.3-p484/specifications/warden-1.1.1.gemspec
I, [2014-01-04T09:17:57.918216 #4273]  INFO -- : 0:  devise (2.0.4) from /home/surpass/.rvm/gems/ruby-1.9.3-p484/specifications/devise-2.0.4.gemspec
I, [2014-01-04T09:18:22.549409 #4273]  INFO -- : 0:  jquery-rails (2.0.2) from /home/surpass/.rvm/gems/ruby-1.9.3-p484/specifications/jquery-rails-2.0.2.gemspec
I, [2014-01-04T09:18:58.046078 #4273]  INFO -- : 0:  newrelic_rpm (3.3.4) from /home/surpass/.rvm/gems/ruby-1.9.3-p484/specifications/newrelic_rpm-3.3.4.gemspec
I, [2014-01-04T09:19:13.036856 #4273]  INFO -- : 0:  pg (0.13.2) from /home/surpass/.rvm/gems/ruby-1.9.3-p484/specifications/pg-0.13.2.gemspec
I, [2014-01-04T09:19:13.037729 #4273]  INFO -- : 0:  bundler (1.5.1) from /home/surpass/.rvm/gems/ruby-1.9.3-p484/specifications/bundler-1.5.1.gemspec
I, [2014-01-04T09:19:13.038428 #4273]  INFO -- : 0:  rails (3.2.11) from /home/surpass/.rvm/gems/ruby-1.9.3-p484/specifications/rails-3.2.11.gemspec
I, [2014-01-04T09:19:33.670260 #4273]  INFO -- : 0:  sass (3.1.15) from /home/surpass/.rvm/gems/ruby-1.9.3-p484/specifications/sass-3.1.15.gemspec
I, [2014-01-04T09:19:33.671136 #4273]  INFO -- : 0:  sass-rails (3.2.5) from /home/surpass/.rvm/gems/ruby-1.9.3-p484/specifications/sass-rails-3.2.5.gemspec
I, [2014-01-04T09:19:41.732310 #4273]  INFO -- : 0:  simple_form (2.0.1) from /home/surpass/.rvm/gems/ruby-1.9.3-p484/specifications/simple_form-2.0.1.gemspec
I, [2014-01-04T09:19:41.733097 #4273]  INFO -- : 0:  sqlite3 (1.3.6) from /home/surpass/.rvm/gems/ruby-1.9.3-p484/specifications/sqlite3-1.3.6.gemspec
I, [2014-01-04T09:19:48.582233 #4273]  INFO -- : 0:  uglifier (1.2.4) from /home/surpass/.rvm/gems/ruby-1.9.3-p484/specifications/uglifier-1.2.4.gemspec
